<?xml version="1.0" encoding="UTF-8"?>
<!-- Generated by org.testng.reporters.JUnitReportReporter -->
<testsuite hostname="DESKTOP-2EA6IRU" failures="0" tests="2" name="TaskList.TestSeachSecondPage" time="56.090" errors="0" timestamp="2021-06-18T22:11:32 CDT" skipped="0">
  <testcase classname="TaskList.TestSeachSecondPage" name="TestTotalSearchResult" time="24.499"/>
  <system-out/>
  <testcase classname="TaskList.TestSeachSecondPage" name="testSearchResultForFirstPage" time="31.591"/>
  <system-out/>
</testsuite> <!-- TaskList.TestSeachSecondPage -->
