<?xml version="1.0" encoding="UTF-8"?>
<!-- Generated by org.testng.reporters.JUnitReportReporter -->
<testsuite hostname="DESKTOP-2EA6IRU" failures="0" tests="3" name="TaskList.TestLandingPage" time="18.814" errors="0" timestamp="2021-06-18T21:51:00 CDT" skipped="0">
  <testcase classname="TaskList.TestLandingPage" name="testCartOptionActive" time="4.575"/>
  <system-out/>
  <testcase classname="TaskList.TestLandingPage" name="TestSearchBoxExists" time="8.999"/>
  <system-out/>
  <testcase classname="TaskList.TestLandingPage" name="testAddToCartOptionExisits" time="5.240"/>
  <system-out/>
</testsuite> <!-- TaskList.TestLandingPage -->
