<?xml version="1.0" encoding="UTF-8"?>
<!-- Generated by org.testng.reporters.JUnitReportReporter -->
<testsuite hostname="DESKTOP-2EA6IRU" failures="0" tests="1" name="TaskList.TestSerachFirstPage" time="0.002" errors="0" timestamp="2021-06-18T17:41:41 CDT" skipped="0">
  <testcase classname="TaskList.TestSerachFirstPage" name="TestSearchBoxFirstExists" time="0.002"/>
  <system-out/>
</testsuite> <!-- TaskList.TestSerachFirstPage -->
